[debug] [2021-10-17T16:41:38.237Z] ----------------------------------------------------------------------
[debug] [2021-10-17T16:41:38.239Z] Command:       /home/luca/.nvm/versions/node/v15.5.1/bin/node /home/luca/.nvm/versions/node/v15.5.1/bin/firebase deploy
[debug] [2021-10-17T16:41:38.239Z] CLI Version:   9.17.0
[debug] [2021-10-17T16:41:38.239Z] Platform:      linux
[debug] [2021-10-17T16:41:38.239Z] Node Version:  v15.5.1
[debug] [2021-10-17T16:41:38.242Z] Time:          Sun Oct 17 2021 18:41:38 GMT+0200 (Central European Summer Time)
[debug] [2021-10-17T16:41:38.242Z] ----------------------------------------------------------------------
[debug] 
[debug] [2021-10-17T16:41:38.244Z] >>> [apiv2][query] GET https://firebase-public.firebaseio.com/cli.json [none]
[debug] [2021-10-17T16:41:38.293Z] > command requires scopes: ["email","openid","https://www.googleapis.com/auth/cloudplatformprojects.readonly","https://www.googleapis.com/auth/firebase","https://www.googleapis.com/auth/cloud-platform"]
[debug] [2021-10-17T16:41:38.294Z] > authorizing via signed-in user (lucagaravello00@gmail.com)
[debug] [2021-10-17T16:41:38.294Z] [iam] checking project fisher-d459b for permissions ["datastore.indexes.create","datastore.indexes.delete","datastore.indexes.list","datastore.indexes.update","firebase.projects.get","firebasehosting.sites.update"]
[debug] [2021-10-17T16:41:38.295Z] > refreshing access token with scopes: ["email","https://www.googleapis.com/auth/cloud-platform","https://www.googleapis.com/auth/cloudplatformprojects.readonly","https://www.googleapis.com/auth/firebase","openid"]
[debug] [2021-10-17T16:41:38.295Z] >>> HTTP REQUEST POST https://www.googleapis.com/oauth2/v3/token  
 <request body omitted>
[debug] [2021-10-17T16:41:38.463Z] <<< HTTP RESPONSE 200 {"pragma":"no-cache","date":"Sun, 17 Oct 2021 16:41:38 GMT","expires":"Mon, 01 Jan 1990 00:00:00 GMT","cache-control":"no-cache, no-store, max-age=0, must-revalidate","content-type":"application/json; charset=utf-8","vary":"X-Origin, Referer, Origin,Accept-Encoding","server":"scaffolding on HTTPServer2","x-xss-protection":"0","x-frame-options":"SAMEORIGIN","x-content-type-options":"nosniff","alt-svc":"h3=\":443\"; ma=2592000,h3-29=\":443\"; ma=2592000,h3-T051=\":443\"; ma=2592000,h3-Q050=\":443\"; ma=2592000,h3-Q046=\":443\"; ma=2592000,h3-Q043=\":443\"; ma=2592000,quic=\":443\"; ma=2592000; v=\"46,43\"","accept-ranges":"none","transfer-encoding":"chunked"}
[debug] [2021-10-17T16:41:38.476Z] >>> HTTP REQUEST POST https://cloudresourcemanager.googleapis.com/v1/projects/fisher-d459b:testIamPermissions  
 {"permissions":["datastore.indexes.create","datastore.indexes.delete","datastore.indexes.list","datastore.indexes.update","firebase.projects.get","firebasehosting.sites.update"]}
[debug] [2021-10-17T16:41:38.725Z] <<< [apiv2][status] GET https://firebase-public.firebaseio.com/cli.json 200
[debug] [2021-10-17T16:41:38.726Z] <<< [apiv2][body] GET https://firebase-public.firebaseio.com/cli.json {"cloudBuildErrorAfter":1594252800000,"cloudBuildWarnAfter":1590019200000,"defaultNode10After":1594252800000,"minVersion":"3.0.5","node8DeploysDisabledAfter":1613390400000,"node8RuntimeDisabledAfter":1615809600000,"node8WarnAfter":1600128000000}
[debug] [2021-10-17T16:41:39.240Z] <<< HTTP RESPONSE 200 {"content-type":"application/json; charset=UTF-8","vary":"X-Origin, Referer, Origin,Accept-Encoding","date":"Sun, 17 Oct 2021 16:41:39 GMT","server":"ESF","cache-control":"private","x-xss-protection":"0","x-frame-options":"SAMEORIGIN","x-content-type-options":"nosniff","server-timing":"gfet4t7; dur=651","alt-svc":"h3=\":443\"; ma=2592000,h3-29=\":443\"; ma=2592000,h3-T051=\":443\"; ma=2592000,h3-Q050=\":443\"; ma=2592000,h3-Q046=\":443\"; ma=2592000,h3-Q043=\":443\"; ma=2592000,quic=\":443\"; ma=2592000; v=\"46,43\"","accept-ranges":"none","transfer-encoding":"chunked"}
[debug] [2021-10-17T16:41:39.242Z] > refreshing access token with scopes: []
[debug] [2021-10-17T16:41:39.242Z] >>> HTTP REQUEST POST https://www.googleapis.com/oauth2/v3/token  
 <request body omitted>
[debug] [2021-10-17T16:41:39.369Z] <<< HTTP RESPONSE 200 {"expires":"Mon, 01 Jan 1990 00:00:00 GMT","date":"Sun, 17 Oct 2021 16:41:39 GMT","cache-control":"no-cache, no-store, max-age=0, must-revalidate","pragma":"no-cache","content-type":"application/json; charset=utf-8","vary":"X-Origin, Referer, Origin,Accept-Encoding","server":"scaffolding on HTTPServer2","x-xss-protection":"0","x-frame-options":"SAMEORIGIN","x-content-type-options":"nosniff","alt-svc":"h3=\":443\"; ma=2592000,h3-29=\":443\"; ma=2592000,h3-T051=\":443\"; ma=2592000,h3-Q050=\":443\"; ma=2592000,h3-Q046=\":443\"; ma=2592000,h3-Q043=\":443\"; ma=2592000,quic=\":443\"; ma=2592000; v=\"46,43\"","accept-ranges":"none","transfer-encoding":"chunked"}
[debug] [2021-10-17T16:41:39.381Z] >>> [apiv2][query] GET https://firebase.googleapis.com/v1beta1/projects/fisher-d459b [none]
[debug] [2021-10-17T16:41:39.677Z] <<< [apiv2][status] GET https://firebase.googleapis.com/v1beta1/projects/fisher-d459b 200
[debug] [2021-10-17T16:41:39.677Z] <<< [apiv2][body] GET https://firebase.googleapis.com/v1beta1/projects/fisher-d459b {"projectId":"fisher-d459b","projectNumber":"816066265388","displayName":"Fisher","name":"projects/fisher-d459b","resources":{"hostingSite":"fisher-d459b","storageBucket":"fisher-d459b.appspot.com","locationId":"europe-west"},"state":"ACTIVE"}
[info] 
[info] === Deploying to 'fisher-d459b'...
[info] 
[info] i  deploying firestore, hosting 
[info] i  firestore: reading indexes from firestore.indexes.json... 
[info] i  cloud.firestore: checking firestore.rules for compilation errors... 
[debug] [2021-10-17T16:41:39.681Z] > refreshing access token with scopes: ["email","https://www.googleapis.com/auth/cloud-platform","https://www.googleapis.com/auth/cloudplatformprojects.readonly","https://www.googleapis.com/auth/firebase","openid"]
[debug] [2021-10-17T16:41:39.681Z] >>> HTTP REQUEST POST https://www.googleapis.com/oauth2/v3/token  
 <request body omitted>
[debug] [2021-10-17T16:41:39.788Z] <<< HTTP RESPONSE 200 {"cache-control":"no-cache, no-store, max-age=0, must-revalidate","pragma":"no-cache","expires":"Mon, 01 Jan 1990 00:00:00 GMT","date":"Sun, 17 Oct 2021 16:41:39 GMT","content-type":"application/json; charset=utf-8","vary":"X-Origin, Referer, Origin,Accept-Encoding","server":"scaffolding on HTTPServer2","x-xss-protection":"0","x-frame-options":"SAMEORIGIN","x-content-type-options":"nosniff","alt-svc":"h3=\":443\"; ma=2592000,h3-29=\":443\"; ma=2592000,h3-T051=\":443\"; ma=2592000,h3-Q050=\":443\"; ma=2592000,h3-Q046=\":443\"; ma=2592000,h3-Q043=\":443\"; ma=2592000,quic=\":443\"; ma=2592000; v=\"46,43\"","accept-ranges":"none","transfer-encoding":"chunked"}
[debug] [2021-10-17T16:41:39.796Z] >>> HTTP REQUEST POST https://firebaserules.googleapis.com/v1/projects/fisher-d459b:test  
 {"source":{"files":[{"name":"firestore.rules","content":"rules_version = '2';\nservice cloud.firestore {\n  match /databases/{database}/documents {\n    match /{document=**} {\n      allow read, write: if\n          request.time < timestamp.date(2021, 10, 4);\n    }\n  }\n}"}]}}
[debug] [2021-10-17T16:41:40.583Z] <<< HTTP RESPONSE 200 {"content-type":"application/json; charset=UTF-8","vary":"X-Origin, Referer, Origin,Accept-Encoding","date":"Sun, 17 Oct 2021 16:41:40 GMT","server":"ESF","cache-control":"private","x-xss-protection":"0","x-frame-options":"SAMEORIGIN","x-content-type-options":"nosniff","alt-svc":"h3=\":443\"; ma=2592000,h3-29=\":443\"; ma=2592000,h3-T051=\":443\"; ma=2592000,h3-Q050=\":443\"; ma=2592000,h3-Q046=\":443\"; ma=2592000,h3-Q043=\":443\"; ma=2592000,quic=\":443\"; ma=2592000; v=\"46,43\"","accept-ranges":"none","transfer-encoding":"chunked"}
[info] ✔  cloud.firestore: rules file firestore.rules compiled successfully 
[debug] [2021-10-17T16:41:40.588Z] >>> HTTP REQUEST POST https://firebasehosting.googleapis.com/v1beta1/sites/fisher-d459b/versions  
 {"config":{},"labels":{"deployment-tool":"cli-firebase"}}
[debug] [2021-10-17T16:41:42.361Z] <<< HTTP RESPONSE 200 {"content-type":"application/json; charset=UTF-8","vary":"X-Origin, Referer, Origin,Accept-Encoding","date":"Sun, 17 Oct 2021 16:41:42 GMT","server":"ESF","cache-control":"private","x-xss-protection":"0","x-frame-options":"SAMEORIGIN","x-content-type-options":"nosniff","alt-svc":"h3=\":443\"; ma=2592000,h3-29=\":443\"; ma=2592000,h3-T051=\":443\"; ma=2592000,h3-Q050=\":443\"; ma=2592000,h3-Q046=\":443\"; ma=2592000,h3-Q043=\":443\"; ma=2592000,quic=\":443\"; ma=2592000; v=\"46,43\"","accept-ranges":"none","transfer-encoding":"chunked"}
[debug] [2021-10-17T16:41:42.367Z] >>> HTTP REQUEST GET https://firebaserules.googleapis.com/v1/projects/fisher-d459b/releases?pageSize=10&pageToken=  
 
[debug] [2021-10-17T16:41:42.368Z] >>> HTTP REQUEST GET https://firestore.googleapis.com/v1/projects/fisher-d459b/databases/(default)/collectionGroups/-/indexes  
 
[debug] [2021-10-17T16:41:42.650Z] <<< HTTP RESPONSE 200 {"content-type":"application/json; charset=UTF-8","vary":"X-Origin, Referer, Origin,Accept-Encoding","date":"Sun, 17 Oct 2021 16:41:42 GMT","server":"ESF","cache-control":"private","x-xss-protection":"0","x-frame-options":"SAMEORIGIN","x-content-type-options":"nosniff","alt-svc":"h3=\":443\"; ma=2592000,h3-29=\":443\"; ma=2592000,h3-T051=\":443\"; ma=2592000,h3-Q050=\":443\"; ma=2592000,h3-Q046=\":443\"; ma=2592000,h3-Q043=\":443\"; ma=2592000,quic=\":443\"; ma=2592000; v=\"46,43\"","accept-ranges":"none","transfer-encoding":"chunked"}
[debug] [2021-10-17T16:41:42.650Z] >>> HTTP REQUEST GET https://firestore.googleapis.com/v1/projects/fisher-d459b/databases/(default)/collectionGroups/-/fields?filter=indexConfig.usesAncestorConfig=false  
 
[debug] [2021-10-17T16:41:42.892Z] <<< HTTP RESPONSE 200 {"content-type":"application/json; charset=UTF-8","vary":"X-Origin, Referer, Origin,Accept-Encoding","date":"Sun, 17 Oct 2021 16:41:42 GMT","server":"ESF","cache-control":"private","x-xss-protection":"0","x-frame-options":"SAMEORIGIN","x-content-type-options":"nosniff","alt-svc":"h3=\":443\"; ma=2592000,h3-29=\":443\"; ma=2592000,h3-T051=\":443\"; ma=2592000,h3-Q050=\":443\"; ma=2592000,h3-Q046=\":443\"; ma=2592000,h3-Q043=\":443\"; ma=2592000,quic=\":443\"; ma=2592000; v=\"46,43\"","accept-ranges":"none","transfer-encoding":"chunked"}
[info] ✔  firestore: deployed indexes in firestore.indexes.json successfully 
[debug] [2021-10-17T16:41:43.090Z] <<< HTTP RESPONSE 200 {"content-type":"application/json; charset=UTF-8","vary":"X-Origin, Referer, Origin,Accept-Encoding","date":"Sun, 17 Oct 2021 16:41:43 GMT","server":"ESF","cache-control":"private","x-xss-protection":"0","x-frame-options":"SAMEORIGIN","x-content-type-options":"nosniff","alt-svc":"h3=\":443\"; ma=2592000,h3-29=\":443\"; ma=2592000,h3-T051=\":443\"; ma=2592000,h3-Q050=\":443\"; ma=2592000,h3-Q046=\":443\"; ma=2592000,h3-Q043=\":443\"; ma=2592000,quic=\":443\"; ma=2592000; v=\"46,43\"","accept-ranges":"none","transfer-encoding":"chunked"}
[debug] [2021-10-17T16:41:43.091Z] >>> HTTP REQUEST GET https://firebaserules.googleapis.com/v1/projects/fisher-d459b/rulesets/39251ec0-a431-4668-bd10-43c0eaeb7ace  
 
[debug] [2021-10-17T16:41:43.431Z] <<< HTTP RESPONSE 200 {"content-type":"application/json; charset=UTF-8","vary":"X-Origin, Referer, Origin,Accept-Encoding","date":"Sun, 17 Oct 2021 16:41:43 GMT","server":"ESF","cache-control":"private","x-xss-protection":"0","x-frame-options":"SAMEORIGIN","x-content-type-options":"nosniff","alt-svc":"h3=\":443\"; ma=2592000,h3-29=\":443\"; ma=2592000,h3-T051=\":443\"; ma=2592000,h3-Q050=\":443\"; ma=2592000,h3-Q046=\":443\"; ma=2592000,h3-Q043=\":443\"; ma=2592000,quic=\":443\"; ma=2592000; v=\"46,43\"","accept-ranges":"none","transfer-encoding":"chunked"}
[info] i  firestore: uploading rules firestore.rules... 
[debug] [2021-10-17T16:41:43.434Z] >>> HTTP REQUEST POST https://firebaserules.googleapis.com/v1/projects/fisher-d459b/rulesets  
 {"source":{"files":[{"name":"firestore.rules","content":"rules_version = '2';\nservice cloud.firestore {\n  match /databases/{database}/documents {\n    match /{document=**} {\n      allow read, write: if\n          request.time < timestamp.date(2021, 10, 4);\n    }\n  }\n}"}]}}
[debug] [2021-10-17T16:41:44.292Z] <<< HTTP RESPONSE 200 {"content-type":"application/json; charset=UTF-8","vary":"X-Origin, Referer, Origin,Accept-Encoding","date":"Sun, 17 Oct 2021 16:41:44 GMT","server":"ESF","cache-control":"private","x-xss-protection":"0","x-frame-options":"SAMEORIGIN","x-content-type-options":"nosniff","alt-svc":"h3=\":443\"; ma=2592000,h3-29=\":443\"; ma=2592000,h3-T051=\":443\"; ma=2592000,h3-Q050=\":443\"; ma=2592000,h3-Q046=\":443\"; ma=2592000,h3-Q043=\":443\"; ma=2592000,quic=\":443\"; ma=2592000; v=\"46,43\"","accept-ranges":"none","transfer-encoding":"chunked"}
[debug] [2021-10-17T16:41:44.293Z] [rules] created ruleset projects/fisher-d459b/rulesets/b4dca725-7550-4df7-8502-c4199725b885
[info] i  hosting[fisher-d459b]: beginning deploy... 
[info] i  hosting[fisher-d459b]: found 2 files in build 
[debug] [2021-10-17T16:41:44.299Z] [hosting] hash cache [YnVpbGQ] not populated
[debug] [2021-10-17T16:41:44.305Z] > refreshing access token with scopes: []
[debug] [2021-10-17T16:41:44.305Z] >>> HTTP REQUEST POST https://www.googleapis.com/oauth2/v3/token  
 <request body omitted>
[debug] [2021-10-17T16:41:44.307Z] [hosting] hash cache [YnVpbGQ] stored for 2 files
[debug] [2021-10-17T16:41:44.307Z] [hosting][hash queue][FINAL] {"max":5,"min":3,"avg":4,"active":0,"complete":2,"success":2,"errored":0,"retried":0,"total":2,"elapsed":7}
[debug] [2021-10-17T16:41:44.406Z] <<< HTTP RESPONSE 200 {"expires":"Mon, 01 Jan 1990 00:00:00 GMT","cache-control":"no-cache, no-store, max-age=0, must-revalidate","pragma":"no-cache","date":"Sun, 17 Oct 2021 16:41:44 GMT","content-type":"application/json; charset=utf-8","vary":"X-Origin, Referer, Origin,Accept-Encoding","server":"scaffolding on HTTPServer2","x-xss-protection":"0","x-frame-options":"SAMEORIGIN","x-content-type-options":"nosniff","alt-svc":"h3=\":443\"; ma=2592000,h3-29=\":443\"; ma=2592000,h3-T051=\":443\"; ma=2592000,h3-Q050=\":443\"; ma=2592000,h3-Q046=\":443\"; ma=2592000,h3-Q043=\":443\"; ma=2592000,quic=\":443\"; ma=2592000; v=\"46,43\"","accept-ranges":"none","transfer-encoding":"chunked"}
[debug] [2021-10-17T16:41:44.415Z] >>> [apiv2][query] POST https://firebasehosting.googleapis.com/v1beta1/sites/fisher-d459b/versions/226d679cc8f42e51:populateFiles [none]
[debug] [2021-10-17T16:41:44.415Z] >>> [apiv2][body] POST https://firebasehosting.googleapis.com/v1beta1/sites/fisher-d459b/versions/226d679cc8f42e51:populateFiles {"files":{"/index.html":"d32bbfa798b5336657a737cabfceed8004a89e2afa8e8691e9bbe52c618cbab9","/404.html":"b7bab6b83fa074653ff28c8d2a64135d3434575f70a12ab3d3ba8080461b9537"}}
[debug] [2021-10-17T16:41:45.386Z] <<< [apiv2][status] POST https://firebasehosting.googleapis.com/v1beta1/sites/fisher-d459b/versions/226d679cc8f42e51:populateFiles 200
[debug] [2021-10-17T16:41:45.386Z] <<< [apiv2][body] POST https://firebasehosting.googleapis.com/v1beta1/sites/fisher-d459b/versions/226d679cc8f42e51:populateFiles {"uploadRequiredHashes":["b7bab6b83fa074653ff28c8d2a64135d3434575f70a12ab3d3ba8080461b9537","d32bbfa798b5336657a737cabfceed8004a89e2afa8e8691e9bbe52c618cbab9"],"uploadUrl":"https://upload-firebasehosting.googleapis.com/upload/sites/fisher-d459b/versions/226d679cc8f42e51/files"}
[debug] [2021-10-17T16:41:45.387Z] >>> [apiv2][query] POST https://upload-firebasehosting.googleapis.com/upload/sites/fisher-d459b/versions/226d679cc8f42e51/files/b7bab6b83fa074653ff28c8d2a64135d3434575f70a12ab3d3ba8080461b9537 [none]
[debug] [2021-10-17T16:41:45.387Z] >>> [apiv2][body] POST https://upload-firebasehosting.googleapis.com/upload/sites/fisher-d459b/versions/226d679cc8f42e51/files/b7bab6b83fa074653ff28c8d2a64135d3434575f70a12ab3d3ba8080461b9537 [stream]
[debug] [2021-10-17T16:41:45.388Z] >>> [apiv2][query] POST https://upload-firebasehosting.googleapis.com/upload/sites/fisher-d459b/versions/226d679cc8f42e51/files/d32bbfa798b5336657a737cabfceed8004a89e2afa8e8691e9bbe52c618cbab9 [none]
[debug] [2021-10-17T16:41:45.388Z] >>> [apiv2][body] POST https://upload-firebasehosting.googleapis.com/upload/sites/fisher-d459b/versions/226d679cc8f42e51/files/d32bbfa798b5336657a737cabfceed8004a89e2afa8e8691e9bbe52c618cbab9 [stream]
[debug] [2021-10-17T16:41:45.389Z] [hosting][populate queue][FINAL] {"max":1082,"min":1082,"avg":1082,"active":0,"complete":1,"success":1,"errored":0,"retried":0,"total":1,"elapsed":1084}
[debug] [2021-10-17T16:41:45.389Z] [hosting] uploads queued: 2
